<?xml version="1.0" encoding="UTF-8"?>
<!-- Generated by org.testng.reporters.JUnitXMLReporter -->
<testsuite ignored="1" hostname="DESKTOP-T4IAK9E" failures="0" tests="4" name="OrderByACH" time="29.737" errors="0" timestamp="2024-08-21T00:13:34 AEST">
  <testcase classname="testCases.practiceTest" name="testlogin" time="17.586"/>
  <testcase classname="testCases.practiceTest" name="addProduct" time="6.68"/>
  <testcase classname="testCases.practiceTest" name="openPaymentMethods" time="2.274"/>
  <testcase classname="testCases.practiceTest" name="payByACH" time="2.295"/>
  <testcase classname="testCases.practiceTest" name="payByCash" time="0.0">
    <ignored/>
  </testcase> <!-- payByCash -->
</testsuite> <!-- OrderByACH -->
