<?xml version="1.0" encoding="UTF-8"?>
<!-- Generated by org.testng.reporters.JUnitXMLReporter -->
<testsuite ignored="1" hostname="DESKTOP-T4IAK9E" failures="0" tests="4" name="OrderByCash" time="31.125" errors="0" timestamp="2024-08-21T00:13:04 AEST">
  <testcase classname="testCases.practiceTest" name="testlogin" time="15.013"/>
  <testcase classname="testCases.practiceTest" name="addProduct" time="7.841"/>
  <testcase classname="testCases.practiceTest" name="openPaymentMethods" time="2.29"/>
  <testcase classname="testCases.practiceTest" name="payByCash" time="4.369"/>
  <testcase classname="testCases.practiceTest" name="payByACH" time="0.0">
    <ignored/>
  </testcase> <!-- payByACH -->
</testsuite> <!-- OrderByCash -->
