<?xml version="1.0" encoding="UTF-8"?>
<!-- Generated by org.testng.reporters.JUnitXMLReporter -->
<testsuite ignored="0" hostname="DESKTOP-T4IAK9E" failures="0" tests="3" name="Default test" time="55.191" errors="0" timestamp="2024-09-23T18:55:45 IST">
  <testcase classname="testCases.allCruds" name="testlogin" time="22.84"/>
  <testcase classname="testCases.allCruds" name="addCategory" time="28.492"/>
  <testcase classname="testCases.allCruds" name="updateCategory" time="2.289"/>
</testsuite> <!-- Default test -->
